#
# There is insufficient memory for the Java Runtime Environment to continue.
# Native memory allocation (malloc) failed to allocate 407456 bytes for Chunk::new
# Possible reasons:
#   The system is out of physical RAM or swap space
#   In 32 bit mode, the process size limit was hit
# Possible solutions:
#   Reduce memory load on the system
#   Increase physical memory or swap space
#   Check if swap backing store is full
#   Use 64 bit Java on a 64 bit OS
#   Decrease Java heap size (-Xmx/-Xms)
#   Decrease number of Java threads
#   Decrease Java thread stack sizes (-Xss)
#   Set larger code cache with -XX:ReservedCodeCacheSize=
# This output file may be truncated or incomplete.
#
#  Out of Memory Error (allocation.cpp:390), pid=245040, tid=0x00000000000242d0
#
# JRE version: Java(TM) SE Runtime Environment (8.0_112-b15) (build 1.8.0_112-b15)
# Java VM: Java HotSpot(TM) 64-Bit Server VM (25.112-b15 mixed mode windows-amd64 compressed oops)
# Failed to write core dump. Minidumps are not enabled by default on client versions of Windows
#

---------------  T H R E A D  ---------------

Current thread (0x0000000017a0a800):  JavaThread "C2 CompilerThread1" daemon [_thread_in_native, id=148176, stack(0x0000000019080000,0x0000000019180000)]

Stack: [0x0000000019080000,0x0000000019180000]
[error occurred during error reporting (printing stack bounds), id 0xc0000005]

Native frames: (J=compiled Java code, j=interpreted, Vv=VM code, C=native code)


Current CompileTask:
C2:   8810  841       4       sun.font.TrueTypeFont::initAllNames (177 bytes)


---------------  P R O C E S S  ---------------

Java Threads: ( => current thread )
  0x0000000019dd1800 JavaThread "AWT-EventQueue-0" [_thread_blocked, id=177320, stack(0x000000001ad80000,0x000000001ae80000)]
  0x0000000019d58000 JavaThread "AWT-Windows" daemon [_thread_in_native, id=248032, stack(0x000000001a6b0000,0x000000001a7b0000)]
  0x0000000019d55800 JavaThread "AWT-Shutdown" [_thread_blocked, id=248952, stack(0x000000001a5b0000,0x000000001a6b0000)]
  0x0000000019cd0000 JavaThread "Java2D Disposer" daemon [_thread_blocked, id=233988, stack(0x000000001a480000,0x000000001a580000)]
  0x00000000192b1000 JavaThread "Service Thread" daemon [_thread_blocked, id=247152, stack(0x0000000019680000,0x0000000019780000)]
  0x0000000017a14800 JavaThread "C1 CompilerThread2" daemon [_thread_blocked, id=249432, stack(0x0000000019180000,0x0000000019280000)]
=>0x0000000017a0a800 JavaThread "C2 CompilerThread1" daemon [_thread_in_native, id=148176, stack(0x0000000019080000,0x0000000019180000)]
  0x0000000017a1c800 JavaThread "C2 CompilerThread0" daemon [_thread_in_native, id=244300, stack(0x0000000018f80000,0x0000000019080000)]
  0x0000000017a19000 JavaThread "Attach Listener" daemon [_thread_blocked, id=250816, stack(0x0000000018e80000,0x0000000018f80000)]
  0x0000000017a17800 JavaThread "Signal Dispatcher" daemon [_thread_blocked, id=250412, stack(0x0000000018d80000,0x0000000018e80000)]
  0x0000000002ecd000 JavaThread "Finalizer" daemon [_thread_blocked, id=198824, stack(0x0000000018c80000,0x0000000018d80000)]
  0x0000000002ec2000 JavaThread "Reference Handler" daemon [_thread_blocked, id=119868, stack(0x0000000018b80000,0x0000000018c80000)]
  0x0000000002dd2800 JavaThread "main" [_thread_in_vm, id=249580, stack(0x0000000002bd0000,0x0000000002cd0000)]

Other Threads:
  0x00000000179d6800 VMThread [stack: 0x0000000018a80000,0x0000000018b80000] [id=248292]
  0x00000000192c9800 WatcherThread [stack: 0x0000000019780000,0x0000000019880000] [id=226232]

VM state:not at safepoint (normal execution)

VM Mutex/Monitor currently owned by a thread: None

Heap:
 PSYoungGen      total 38400K, used 20875K [0x00000000d5e00000, 0x00000000d8880000, 0x0000000100000000)
  eden space 33280K, 62% used [0x00000000d5e00000,0x00000000d7262e60,0x00000000d7e80000)
  from space 5120K, 0% used [0x00000000d8380000,0x00000000d8380000,0x00000000d8880000)
  to   space 5120K, 0% used [0x00000000d7e80000,0x00000000d7e80000,0x00000000d8380000)
 ParOldGen       total 87552K, used 0K [0x0000000081a00000, 0x0000000086f80000, 0x00000000d5e00000)
  object space 87552K, 0% used [0x0000000081a00000,0x0000000081a00000,0x0000000086f80000)
 Metaspace       used 11375K, capacity 11646K, committed 11904K, reserved 1058816K
  class space    used 1458K, capacity 1543K, committed 1664K, reserved 1048576K

Card table byte_map: [0x0000000012290000,0x0000000012690000] byte_map_base: 0x0000000011e83000

Marking Bits: (ParMarkBitMap*) 0x000000006339a6d0
 Begin Bits: [0x0000000012d40000, 0x0000000014cd8000)
 End Bits:   [0x0000000014cd8000, 0x0000000016c70000)

Polling page: 0x0000000001390000

CodeCache: size=245760Kb used=3148Kb max_used=3152Kb free=242611Kb
 bounds [0x0000000002ed0000, 0x00000000031f0000, 0x0000000011ed0000]
 total_blobs=1298 nmethods=840 adapters=371
 compilation: enabled

Compilation events (10 events):
Event: 8.544 Thread 0x0000000017a14800  837   !   3       sun.font.TrueTypeFont::getAllFamilyNames (33 bytes)
Event: 8.546 Thread 0x0000000017a14800 nmethod 837 0x00000000031e03d0 code [0x00000000031e05a0, 0x00000000031e0d18]
Event: 8.555 Thread 0x0000000017a0a800 nmethod 835 0x00000000031df7d0 code [0x00000000031df940, 0x00000000031e00a8]
Event: 8.589 Thread 0x0000000017a0a800  839       4       java.util.HashMap$HashIterator::nextNode (100 bytes)
Event: 8.601 Thread 0x0000000017a0a800 nmethod 839 0x00000000031d3c10 code [0x00000000031d3d60, 0x00000000031d3f58]
Event: 8.601 Thread 0x0000000017a0a800  840       4       java.util.HashMap::resize (359 bytes)
Event: 8.630 Thread 0x0000000017a0a800 nmethod 840 0x00000000031e4e50 code [0x00000000031e4fe0, 0x00000000031e5558]
Event: 8.630 Thread 0x0000000017a0a800  841       4       sun.font.TrueTypeFont::initAllNames (177 bytes)
Event: 8.779 Thread 0x0000000017a14800  842       3       java.lang.CharacterData00::toLowerCase (1339 bytes)
Event: 8.785 Thread 0x0000000017a14800 nmethod 842 0x00000000031e38d0 code [0x00000000031e3b00, 0x00000000031e4b70]

GC Heap History (0 events):
No events

Deoptimization events (10 events):
Event: 2.239 Thread 0x0000000002dd2800 Uncommon trap: reason=class_check action=maybe_recompile pc=0x0000000003046b5c method=java.lang.String.equals(Ljava/lang/Object;)Z @ 8
Event: 2.239 Thread 0x0000000002dd2800 Uncommon trap: reason=class_check action=maybe_recompile pc=0x0000000003046b5c method=java.lang.String.equals(Ljava/lang/Object;)Z @ 8
Event: 2.239 Thread 0x0000000002dd2800 Uncommon trap: reason=class_check action=maybe_recompile pc=0x0000000003046b5c method=java.lang.String.equals(Ljava/lang/Object;)Z @ 8
Event: 2.239 Thread 0x0000000002dd2800 Uncommon trap: reason=class_check action=maybe_recompile pc=0x0000000003046b5c method=java.lang.String.equals(Ljava/lang/Object;)Z @ 8
Event: 8.319 Thread 0x0000000002dd2800 Uncommon trap: reason=class_check action=maybe_recompile pc=0x0000000003128158 method=java.util.HashMap.putVal(ILjava/lang/Object;Ljava/lang/Object;ZZ)Ljava/lang/Object; @ 203
Event: 8.319 Thread 0x0000000002dd2800 Uncommon trap: reason=class_check action=maybe_recompile pc=0x0000000003128158 method=java.util.HashMap.putVal(ILjava/lang/Object;Ljava/lang/Object;ZZ)Ljava/lang/Object; @ 203
Event: 8.319 Thread 0x0000000002dd2800 Uncommon trap: reason=class_check action=maybe_recompile pc=0x0000000003128158 method=java.util.HashMap.putVal(ILjava/lang/Object;Ljava/lang/Object;ZZ)Ljava/lang/Object; @ 203
Event: 8.321 Thread 0x0000000002dd2800 Uncommon trap: reason=class_check action=maybe_recompile pc=0x0000000003128158 method=java.util.HashMap.putVal(ILjava/lang/Object;Ljava/lang/Object;ZZ)Ljava/lang/Object; @ 203
Event: 8.351 Thread 0x0000000002dd2800 Uncommon trap: reason=unstable_if action=reinterpret pc=0x0000000003121724 method=java.lang.CharacterData.of(I)Ljava/lang/CharacterData; @ 4
Event: 8.396 Thread 0x0000000002dd2800 Uncommon trap: reason=unstable_if action=reinterpret pc=0x00000000031c75f4 method=java.lang.Character.isSurrogate(C)Z @ 3

Internal exceptions (10 events):
Event: 0.133 Thread 0x0000000002dd2800 Exception <a 'java/lang/NoSuchMethodError': Method sun.misc.Unsafe.defineClass(Ljava/lang/String;[BII)Ljava/lang/Class; name or signature does not match> (0x00000000d5e07c78) thrown at [C:\re\workspace\8-2-build-windows-amd64-cygwin\jdk8u112\7884\hotspot\
Event: 0.134 Thread 0x0000000002dd2800 Exception <a 'java/lang/NoSuchMethodError': Method sun.misc.Unsafe.prefetchRead(Ljava/lang/Object;J)V name or signature does not match> (0x00000000d5e07f60) thrown at [C:\re\workspace\8-2-build-windows-amd64-cygwin\jdk8u112\7884\hotspot\src\share\vm\prims
Event: 0.509 Thread 0x0000000002dd2800 Exception <a 'java/security/PrivilegedActionException'> (0x00000000d5fc3e50) thrown at [C:\re\workspace\8-2-build-windows-amd64-cygwin\jdk8u112\7884\hotspot\src\share\vm\prims\jvm.cpp, line 1390]
Event: 0.510 Thread 0x0000000002dd2800 Exception <a 'java/security/PrivilegedActionException'> (0x00000000d5fc4060) thrown at [C:\re\workspace\8-2-build-windows-amd64-cygwin\jdk8u112\7884\hotspot\src\share\vm\prims\jvm.cpp, line 1390]
Event: 0.515 Thread 0x0000000002dd2800 Exception <a 'java/security/PrivilegedActionException'> (0x00000000d5fc7f48) thrown at [C:\re\workspace\8-2-build-windows-amd64-cygwin\jdk8u112\7884\hotspot\src\share\vm\prims\jvm.cpp, line 1390]
Event: 0.515 Thread 0x0000000002dd2800 Exception <a 'java/security/PrivilegedActionException'> (0x00000000d5fc8158) thrown at [C:\re\workspace\8-2-build-windows-amd64-cygwin\jdk8u112\7884\hotspot\src\share\vm\prims\jvm.cpp, line 1390]
Event: 0.534 Thread 0x0000000002dd2800 Exception <a 'java/io/FileNotFoundException'> (0x00000000d5fca480) thrown at [C:\re\workspace\8-2-build-windows-amd64-cygwin\jdk8u112\7884\hotspot\src\share\vm\prims\jni.cpp, line 709]
Event: 0.667 Thread 0x0000000002dd2800 Exception <a 'java/lang/NoSuchFieldError': method resolution failed> (0x00000000d6097d30) thrown at [C:\re\workspace\8-2-build-windows-amd64-cygwin\jdk8u112\7884\hotspot\src\share\vm\prims\methodHandles.cpp, line 1146]
Event: 0.679 Thread 0x0000000002dd2800 Exception <a 'java/lang/NoSuchFieldError': method resolution failed> (0x00000000d60a5100) thrown at [C:\re\workspace\8-2-build-windows-amd64-cygwin\jdk8u112\7884\hotspot\src\share\vm\prims\methodHandles.cpp, line 1146]
Event: 0.850 Thread 0x0000000002dd2800 Exception <a 'java/io/FileNotFoundException'> (0x00000000d6140180) thrown at [C:\re\workspace\8-2-build-windows-amd64-cygwin\jdk8u112\7884\hotspot\src\share\vm\prims\jni.cpp, line 709]

Events (10 events):
Event: 8.351 Thread 0x0000000002dd2800 Uncommon trap: trap_request=0xffffff65 fr.pc=0x0000000003121724
Event: 8.351 Thread 0x0000000002dd2800 DEOPT PACKING pc=0x0000000003121724 sp=0x0000000002cce3f0
Event: 8.352 Thread 0x0000000002dd2800 DEOPT UNPACKING pc=0x0000000002f1582a sp=0x0000000002cce2c0 mode 2
Event: 8.352 loading class java/lang/CharacterData00
Event: 8.353 loading class java/lang/CharacterData00 done
Event: 8.353 Executing VM operation: Deoptimize
Event: 8.353 Executing VM operation: Deoptimize done
Event: 8.396 Thread 0x0000000002dd2800 Uncommon trap: trap_request=0xffffff65 fr.pc=0x00000000031c75f4
Event: 8.396 Thread 0x0000000002dd2800 DEOPT PACKING pc=0x00000000031c75f4 sp=0x0000000002ccdf10
Event: 8.396 Thread 0x0000000002dd2800 DEOPT UNPACKING pc=0x0000000002f1582a sp=0x0000000002ccde38 mode 2


Dynamic libraries:
0x00007ff60d9d0000 - 0x00007ff60da07000 	C:\Program Files\Java\jdk1.8.0_112\bin\java.exe
0x00007ffb2cde0000 - 0x00007ffb2cfb1000 	C:\WINDOWS\SYSTEM32\ntdll.dll
0x00007ffb2b350000 - 0x00007ffb2b3fb000 	C:\WINDOWS\System32\KERNEL32.DLL
0x00007ffb294a0000 - 0x00007ffb296bd000 	C:\WINDOWS\System32\KERNELBASE.dll
0x00007ffb2a6b0000 - 0x00007ffb2a752000 	C:\WINDOWS\System32\ADVAPI32.dll
0x00007ffb2a370000 - 0x00007ffb2a40e000 	C:\WINDOWS\System32\msvcrt.dll
0x00007ffb2aa90000 - 0x00007ffb2aae9000 	C:\WINDOWS\System32\sechost.dll
0x00007ffb2adc0000 - 0x00007ffb2aee1000 	C:\WINDOWS\System32\RPCRT4.dll
0x00007ffb2aef0000 - 0x00007ffb2b055000 	C:\WINDOWS\System32\USER32.dll
0x00007ffb292d0000 - 0x00007ffb292ee000 	C:\WINDOWS\System32\win32u.dll
0x00007ffb2a410000 - 0x00007ffb2a444000 	C:\WINDOWS\System32\GDI32.dll
0x00007ffb29a00000 - 0x00007ffb29b82000 	C:\WINDOWS\System32\gdi32full.dll
0x00007ffb22f20000 - 0x00007ffb2319a000 	C:\WINDOWS\WinSxS\amd64_microsoft.windows.common-controls_6595b64144ccf1df_6.0.14393.953_none_42151e83c686086b\COMCTL32.dll
0x00007ffb2a7c0000 - 0x00007ffb2aa88000 	C:\WINDOWS\System32\combase.dll
0x00007ffb293a0000 - 0x00007ffb29495000 	C:\WINDOWS\System32\ucrtbase.dll
0x00007ffb296c0000 - 0x00007ffb2972a000 	C:\WINDOWS\System32\bcryptPrimitives.dll
0x00007ffb2b1c0000 - 0x00007ffb2b1ee000 	C:\WINDOWS\System32\IMM32.DLL
0x0000000063420000 - 0x00000000634f2000 	C:\Program Files\Java\jdk1.8.0_112\jre\bin\msvcr100.dll
0x0000000062b80000 - 0x000000006341a000 	C:\Program Files\Java\jdk1.8.0_112\jre\bin\server\jvm.dll
0x00007ffb2b460000 - 0x00007ffb2b468000 	C:\WINDOWS\System32\PSAPI.DLL
0x00007ffb1a6a0000 - 0x00007ffb1a6a9000 	C:\WINDOWS\SYSTEM32\WSOCK32.dll
0x00007ffb276c0000 - 0x00007ffb276e3000 	C:\WINDOWS\SYSTEM32\WINMM.dll
0x00007ffb238e0000 - 0x00007ffb238ea000 	C:\WINDOWS\SYSTEM32\VERSION.dll
0x00007ffb2acb0000 - 0x00007ffb2ad1a000 	C:\WINDOWS\System32\WS2_32.dll
0x00000000013a0000 - 0x00000000013cb000 	C:\WINDOWS\SYSTEM32\WINMMBASE.dll
0x00007ffb29730000 - 0x00007ffb29772000 	C:\WINDOWS\System32\cfgmgr32.dll
0x0000000065270000 - 0x000000006527f000 	C:\Program Files\Java\jdk1.8.0_112\jre\bin\verify.dll
0x0000000065240000 - 0x0000000065269000 	C:\Program Files\Java\jdk1.8.0_112\jre\bin\java.dll
0x0000000065220000 - 0x0000000065236000 	C:\Program Files\Java\jdk1.8.0_112\jre\bin\zip.dll
0x00007ffb2b490000 - 0x00007ffb2c998000 	C:\WINDOWS\System32\SHELL32.dll
0x00007ffb29c90000 - 0x00007ffb2a36a000 	C:\WINDOWS\System32\windows.storage.dll
0x00007ffb29260000 - 0x00007ffb292ac000 	C:\WINDOWS\System32\powrprof.dll
0x00007ffb2b400000 - 0x00007ffb2b452000 	C:\WINDOWS\System32\shlwapi.dll
0x00007ffb292b0000 - 0x00007ffb292bf000 	C:\WINDOWS\System32\kernel.appcore.dll
0x00007ffb292f0000 - 0x00007ffb29399000 	C:\WINDOWS\System32\shcore.dll
0x00007ffb29240000 - 0x00007ffb29254000 	C:\WINDOWS\System32\profapi.dll
0x00000000629e0000 - 0x0000000062b78000 	C:\Program Files\Java\jdk1.8.0_112\jre\bin\awt.dll
0x00007ffb2a5f0000 - 0x00007ffb2a6af000 	C:\WINDOWS\System32\OLEAUT32.dll
0x00007ffb29bf0000 - 0x00007ffb29c8c000 	C:\WINDOWS\System32\msvcp_win.dll
0x00007ffb27720000 - 0x00007ffb2779a000 	C:\WINDOWS\SYSTEM32\apphelp.dll
0x00007ffb26cd0000 - 0x00007ffb26cf6000 	C:\WINDOWS\system32\DWMAPI.DLL
0x00007ffb27a20000 - 0x00007ffb27ab5000 	C:\WINDOWS\system32\uxtheme.dll
0x00007ffb0ce50000 - 0x00007ffb0cf73000 	C:\WINDOWS\system32\opengl32.dll
0x00007ffb0c930000 - 0x00007ffb0ca27000 	C:\WINDOWS\SYSTEM32\DDRAW.dll
0x00007ffb0e0b0000 - 0x00007ffb0e0dd000 	C:\WINDOWS\SYSTEM32\GLU32.dll
0x00007ffb0e730000 - 0x00007ffb0e738000 	C:\WINDOWS\SYSTEM32\DCIMAN32.dll
0x00007ffb2b060000 - 0x00007ffb2b1ba000 	C:\WINDOWS\System32\MSCTF.dll
0x00007ffb2ab70000 - 0x00007ffb2aca7000 	C:\WINDOWS\System32\ole32.dll
0x0000000062990000 - 0x00000000629d7000 	C:\Program Files\Java\jdk1.8.0_112\jre\bin\fontmanager.dll
0x00007ffb2ad20000 - 0x00007ffb2adbf000 	C:\WINDOWS\System32\clbcatq.dll
0x00007ffb26560000 - 0x00007ffb26708000 	C:\WINDOWS\SYSTEM32\WindowsCodecs.dll
0x00007ffb0e6b0000 - 0x00007ffb0e6f9000 	C:\WINDOWS\system32\dataexchange.dll
0x00007ffb26fe0000 - 0x00007ffb27131000 	C:\WINDOWS\system32\dcomp.dll
0x00007ffb25e50000 - 0x00007ffb26106000 	C:\WINDOWS\system32\d3d11.dll
0x00007ffb281c0000 - 0x00007ffb2825f000 	C:\WINDOWS\system32\dxgi.dll
0x00007ffb27d10000 - 0x00007ffb27e2c000 	C:\WINDOWS\system32\twinapi.appcore.dll
0x00007ffb28e20000 - 0x00007ffb28e4b000 	C:\WINDOWS\system32\bcrypt.dll
0x0000000065200000 - 0x000000006521a000 	C:\Program Files\Java\jdk1.8.0_112\jre\bin\net.dll
0x00007ffb28b70000 - 0x00007ffb28bcc000 	C:\WINDOWS\system32\mswsock.dll
0x00000000651e0000 - 0x00000000651f1000 	C:\Program Files\Java\jdk1.8.0_112\jre\bin\nio.dll
0x0000000062940000 - 0x0000000062982000 	C:\Program Files\Java\jdk1.8.0_112\jre\bin\t2k.dll

VM Arguments:
jvm_args: -Dfile.encoding=UTF-8 
java_command: online.shopping.Controller.OnlineShopping
java_class_path (initial): C:\Program Files\NetBeans 8.0.2\ide\modules\ext\mysql-connector-java-5.1.23-bin.jar;C:\Program Files\NetBeans 8.0.2\java\modules\ext\hibernate4\antlr-2.7.7.jar;C:\Program Files\NetBeans 8.0.2\java\modules\ext\hibernate4\c3p0-0.9.2.1.jar;C:\Program Files\NetBeans 8.0.2\java\modules\ext\hibernate4\hibernate-c3p0-4.3.1.Final.jar;C:\Program Files\NetBeans 8.0.2\java\modules\ext\hibernate4\mchange-commons-java-0.2.3.4.jar;C:\Program Files\NetBeans 8.0.2\java\modules\ext\hibernate4\dom4j-1.6.1.jar;C:\Program Files\NetBeans 8.0.2\java\modules\ext\hibernate4\ehcache-core-2.4.3.jar;C:\Program Files\NetBeans 8.0.2\java\modules\ext\hibernate4\hibernate-ehcache-4.3.1.Final.jar;C:\Program Files\NetBeans 8.0.2\java\modules\ext\hibernate4\hibernate-core-4.3.1.Final.jar;C:\Program Files\NetBeans 8.0.2\java\modules\ext\hibernate4\jboss-logging-3.1.3.GA.jar;C:\Program Files\NetBeans 8.0.2\java\modules\ext\hibernate4\hibernate-commons-annotations-4.0.4.Final.jar;C:\Program Files\NetBeans 8.0.2\java\modules\ext\hibernate4\hibernate-entitymanager-4.3.1.Final.jar;C:\Program Files\NetBeans 8.0.2\java\modules\ext\hibernate4\javassist-3.18.1-GA.jar;C:\Program Files\NetBeans 8.0.2\java\modules\ext\hibernate4\jboss-transaction-api_1.2_spec-1.0.0.Final.jar;C:\Program Files\NetBeans 8.0.2\java\modules\ext\hibernate4\slf4j-api-1.6.1.jar;C:\Program Files\NetBeans 8.0.2\java\modules\ext\hibernate4\slf4j-simple-1.6.1.jar;C:\Program Files\NetBeans 8.0.2\java\modules\ext\hibernate4\hibernate-jpa-2.1-api-1.0.0.Final.jar;D:\second term\SecondTerm\projects\SWE2\Online Shopping\build\classes
Launcher Type: SUN_STANDARD

Environment Variables:
PATH=C:\oraclexe\app\oracle\product\11.2.0\server\bin;C:\ProgramData\Oracle\Java\javapath;C:\WINDOWS\system32;C:\WINDOWS;C:\WINDOWS\System32\Wbem;C:\WINDOWS\System32\WindowsPowerShell\v1.0\;C:\Program Files (x86)\AMD\ATI.ACE\Core-Static;C:\Program Files (x86)\NVIDIA Corporation\PhysX\Common;C:\Program Files (x86)\Windows Kits\10\Windows Performance Toolkit\;C:\Program Files\Git\cmd;C:\WINDOWS\system32;C:\WINDOWS;C:\WINDOWS\System32\Wbem;C:\Program Files\Java\jre1.8.0_101\bin;C:\Python27\;C:\Python27\Scripts;C:\Program Files\Intel\WiFi\bin\;C:\Program Files\Common Files\Intel\WirelessCommon\;C:\Program Files (x86)\Microsoft SDKs\TypeScript\1.0\;C:\Program Files (x86)\Calibre2\;C:\Program Files\nodejs\;C:\Program Files (x86)\Brackets\command;C:\Program Files (x86)\Microsoft SQL Server\100\Tools\Binn\;C:\Program Files\Microsoft SQL Server\100\Tools\Binn\;C:\Program Files\Microsoft SQL Server\100\DTS\Binn\;C:\Users\Mohamed-A.Radwan\AppData\Local\Google\Cloud SDK;G:\MATLAB\runtime\win64;G:\MATLAB\bin;G:\MATLAB\polyspace\bin;C:\Android\sdk\platform-tools;C:\Program Files\Java\jdk1.8.0_112\bin;C:\Users\Mohamed-A.Radwan\AppData\Local\Microsoft\WindowsApps;C:\Program Files\Intel\WiFi\bin\;C:\Program Files\Common Files\Intel\WirelessCommon\;C:\Users\Mohamed-A.Radwan\AppData\Roaming\npm;C:\Users\Mohamed-A.Radwan\AppData\Local\Google\Cloud SDK\google-cloud-sdk\bin;C:\Program Files (x86)\Google\google_appengine\
USERNAME=Mohamed-A.Radwan
OS=Windows_NT
PROCESSOR_IDENTIFIER=Intel64 Family 6 Model 69 Stepping 1, GenuineIntel



---------------  S Y S T E M  ---------------

OS: Windows 10.0 , 64 bit Build 14393 (10.0.14393.0)

CPU:total 4 (2 cores per cpu, 2 threads per core) family 6 model 69 stepping 1, cmov, cx8, fxsr, mmx, sse, sse2, sse3, ssse3, sse4.1, sse4.2, popcnt, avx, avx2, aes, clmul, erms, lzcnt, ht, tsc, tscinvbit, bmi1, bmi2

Memory: 4k page, physical 8274284k(1693140k free), swap 11941228k(5200k free)

vm_info: Java HotSpot(TM) 64-Bit Server VM (25.112-b15) for windows-amd64 JRE (1.8.0_112-b15), built on Sep 22 2016 21:31:56 by "java_re" with MS VC++ 10.0 (VS2010)

time: Fri May 12 15:59:49 2017
elapsed time: 8 seconds (0d 0h 0m 8s)

