#
# There is insufficient memory for the Java Runtime Environment to continue.
# Native memory allocation (malloc) failed to allocate 62176 bytes for Chunk::new
# Possible reasons:
#   The system is out of physical RAM or swap space
#   In 32 bit mode, the process size limit was hit
# Possible solutions:
#   Reduce memory load on the system
#   Increase physical memory or swap space
#   Check if swap backing store is full
#   Use 64 bit Java on a 64 bit OS
#   Decrease Java heap size (-Xmx/-Xms)
#   Decrease number of Java threads
#   Decrease Java thread stack sizes (-Xss)
#   Set larger code cache with -XX:ReservedCodeCacheSize=
# This output file may be truncated or incomplete.
#
#  Out of Memory Error (allocation.cpp:390), pid=181032, tid=0x0000000000028bf4
#
# JRE version: Java(TM) SE Runtime Environment (8.0_112-b15) (build 1.8.0_112-b15)
# Java VM: Java HotSpot(TM) 64-Bit Server VM (25.112-b15 mixed mode windows-amd64 compressed oops)
# Failed to write core dump. Minidumps are not enabled by default on client versions of Windows
#

---------------  T H R E A D  ---------------

Current thread (0x00000000177a5000):  JavaThread "C2 CompilerThread1" daemon [_thread_in_native, id=166900, stack(0x0000000018ee0000,0x0000000018fe0000)]

Stack: [0x0000000018ee0000,0x0000000018fe0000]
[error occurred during error reporting (printing stack bounds), id 0xc0000005]

Native frames: (J=compiled Java code, j=interpreted, Vv=VM code, C=native code)


Current CompileTask:
C2:   2571  626       4       java.io.WinNTFileSystem::normalize (143 bytes)


---------------  P R O C E S S  ---------------

Java Threads: ( => current thread )
  0x0000000019bd5800 JavaThread "AWT-EventQueue-0" [_thread_blocked, id=210244, stack(0x000000001afe0000,0x000000001b0e0000)]
  0x0000000019b75800 JavaThread "Image Fetcher 0" daemon [_thread_blocked, id=245300, stack(0x000000001ace0000,0x000000001ade0000)]
  0x0000000019b5d800 JavaThread "AWT-Windows" daemon [_thread_in_native, id=29776, stack(0x000000001a510000,0x000000001a610000)]
  0x0000000019b5b000 JavaThread "AWT-Shutdown" [_thread_blocked, id=250656, stack(0x000000001a410000,0x000000001a510000)]
  0x0000000019b59000 JavaThread "Java2D Disposer" daemon [_thread_blocked, id=250320, stack(0x000000001a310000,0x000000001a410000)]
  0x0000000019119000 JavaThread "Service Thread" daemon [_thread_blocked, id=249348, stack(0x00000000194e0000,0x00000000195e0000)]
  0x00000000177a8800 JavaThread "C1 CompilerThread2" daemon [_thread_in_vm, id=249156, stack(0x0000000018fe0000,0x00000000190e0000)]
=>0x00000000177a5000 JavaThread "C2 CompilerThread1" daemon [_thread_in_native, id=166900, stack(0x0000000018ee0000,0x0000000018fe0000)]
  0x00000000177a2800 JavaThread "C2 CompilerThread0" daemon [_thread_blocked, id=201508, stack(0x0000000018de0000,0x0000000018ee0000)]
  0x000000001779f800 JavaThread "Attach Listener" daemon [_thread_blocked, id=245904, stack(0x0000000018ce0000,0x0000000018de0000)]
  0x000000001779e000 JavaThread "Signal Dispatcher" daemon [_thread_blocked, id=244104, stack(0x0000000018be0000,0x0000000018ce0000)]
  0x0000000002bdb800 JavaThread "Finalizer" daemon [_thread_blocked, id=235040, stack(0x00000000189f0000,0x0000000018af0000)]
  0x0000000002bd0800 JavaThread "Reference Handler" daemon [_thread_blocked, id=230916, stack(0x00000000188f0000,0x00000000189f0000)]
  0x0000000002ae2800 JavaThread "main" [_thread_in_native, id=249800, stack(0x00000000029b0000,0x0000000002ab0000)]

Other Threads:
  0x0000000017767800 VMThread [stack: 0x00000000187f0000,0x00000000188f0000] [id=221748]
  0x0000000019138800 WatcherThread [stack: 0x00000000195e0000,0x00000000196e0000] [id=244776]

VM state:not at safepoint (normal execution)

VM Mutex/Monitor currently owned by a thread: None

Heap:
 PSYoungGen      total 38400K, used 8849K [0x00000000d5e00000, 0x00000000d8880000, 0x0000000100000000)
  eden space 33280K, 26% used [0x00000000d5e00000,0x00000000d66a4518,0x00000000d7e80000)
  from space 5120K, 0% used [0x00000000d8380000,0x00000000d8380000,0x00000000d8880000)
  to   space 5120K, 0% used [0x00000000d7e80000,0x00000000d7e80000,0x00000000d8380000)
 ParOldGen       total 87552K, used 0K [0x0000000081a00000, 0x0000000086f80000, 0x00000000d5e00000)
  object space 87552K, 0% used [0x0000000081a00000,0x0000000081a00000,0x0000000086f80000)
 Metaspace       used 11210K, capacity 11462K, committed 11648K, reserved 1062912K
  class space    used 1456K, capacity 1543K, committed 1664K, reserved 1048576K

Card table byte_map: [0x0000000012020000,0x0000000012420000] byte_map_base: 0x0000000011c13000

Marking Bits: (ParMarkBitMap*) 0x000000006339a6d0
 Begin Bits: [0x0000000012ad0000, 0x0000000014a68000)
 End Bits:   [0x0000000014a68000, 0x0000000016a00000)

Polling page: 0x0000000002ab0000

CodeCache: size=245760Kb used=2484Kb max_used=2485Kb free=243275Kb
 bounds [0x0000000002c60000, 0x0000000002ee0000, 0x0000000011c60000]
 total_blobs=1097 nmethods=639 adapters=371
 compilation: enabled

Compilation events (10 events):
Event: 2.518 Thread 0x00000000177a8800  627       3       java.nio.ByteBuffer::allocate (22 bytes)
Event: 2.518 Thread 0x00000000177a8800 nmethod 627 0x0000000002ec55d0 code [0x0000000002ec5760, 0x0000000002ec5b38]
Event: 2.521 Thread 0x00000000177a8800  628       3       sun.font.SunFontManager$TTFilter::accept (79 bytes)
Event: 2.522 Thread 0x00000000177a8800 nmethod 628 0x0000000002ec5cd0 code [0x0000000002ec5ea0, 0x0000000002ec6738]
Event: 2.524 Thread 0x00000000177a8800  629       3       java.io.File::isInvalid (47 bytes)
Event: 2.525 Thread 0x00000000177a8800 nmethod 629 0x0000000002ec6910 code [0x0000000002ec6a80, 0x0000000002ec6ea8]
Event: 2.527 Thread 0x00000000177a8800  630       3       java.util.LinkedHashMap::get (33 bytes)
Event: 2.527 Thread 0x00000000177a8800 nmethod 630 0x0000000002ec6f90 code [0x0000000002ec7120, 0x0000000002ec7628]
Event: 2.528 Thread 0x00000000177a8800  631       3       java.io.ExpiringCache::entryFor (57 bytes)
Event: 2.528 Thread 0x00000000177a8800 nmethod 631 0x0000000002ec77d0 code [0x0000000002ec7960, 0x0000000002ec7eb8]

GC Heap History (0 events):
No events

Deoptimization events (4 events):
Event: 2.516 Thread 0x0000000002ae2800 Uncommon trap: reason=class_check action=maybe_recompile pc=0x0000000002de3b9c method=java.lang.String.equals(Ljava/lang/Object;)Z @ 8
Event: 2.516 Thread 0x0000000002ae2800 Uncommon trap: reason=class_check action=maybe_recompile pc=0x0000000002de3b9c method=java.lang.String.equals(Ljava/lang/Object;)Z @ 8
Event: 2.516 Thread 0x0000000002ae2800 Uncommon trap: reason=class_check action=maybe_recompile pc=0x0000000002de3b9c method=java.lang.String.equals(Ljava/lang/Object;)Z @ 8
Event: 2.516 Thread 0x0000000002ae2800 Uncommon trap: reason=class_check action=maybe_recompile pc=0x0000000002de3b9c method=java.lang.String.equals(Ljava/lang/Object;)Z @ 8

Internal exceptions (10 events):
Event: 0.187 Thread 0x0000000002ae2800 Exception <a 'java/lang/NoSuchMethodError': Method sun.misc.Unsafe.defineClass(Ljava/lang/String;[BII)Ljava/lang/Class; name or signature does not match> (0x00000000d5e07c78) thrown at [C:\re\workspace\8-2-build-windows-amd64-cygwin\jdk8u112\7884\hotspot\
Event: 0.187 Thread 0x0000000002ae2800 Exception <a 'java/lang/NoSuchMethodError': Method sun.misc.Unsafe.prefetchRead(Ljava/lang/Object;J)V name or signature does not match> (0x00000000d5e07f60) thrown at [C:\re\workspace\8-2-build-windows-amd64-cygwin\jdk8u112\7884\hotspot\src\share\vm\prims
Event: 0.860 Thread 0x0000000002ae2800 Exception <a 'java/security/PrivilegedActionException'> (0x00000000d5fc3e50) thrown at [C:\re\workspace\8-2-build-windows-amd64-cygwin\jdk8u112\7884\hotspot\src\share\vm\prims\jvm.cpp, line 1390]
Event: 0.860 Thread 0x0000000002ae2800 Exception <a 'java/security/PrivilegedActionException'> (0x00000000d5fc4060) thrown at [C:\re\workspace\8-2-build-windows-amd64-cygwin\jdk8u112\7884\hotspot\src\share\vm\prims\jvm.cpp, line 1390]
Event: 0.868 Thread 0x0000000002ae2800 Exception <a 'java/security/PrivilegedActionException'> (0x00000000d5fc7f48) thrown at [C:\re\workspace\8-2-build-windows-amd64-cygwin\jdk8u112\7884\hotspot\src\share\vm\prims\jvm.cpp, line 1390]
Event: 0.868 Thread 0x0000000002ae2800 Exception <a 'java/security/PrivilegedActionException'> (0x00000000d5fc8158) thrown at [C:\re\workspace\8-2-build-windows-amd64-cygwin\jdk8u112\7884\hotspot\src\share\vm\prims\jvm.cpp, line 1390]
Event: 0.969 Thread 0x0000000002ae2800 Exception <a 'java/io/FileNotFoundException'> (0x00000000d5fca480) thrown at [C:\re\workspace\8-2-build-windows-amd64-cygwin\jdk8u112\7884\hotspot\src\share\vm\prims\jni.cpp, line 709]
Event: 1.177 Thread 0x0000000002ae2800 Exception <a 'java/lang/NoSuchFieldError': method resolution failed> (0x00000000d6097d30) thrown at [C:\re\workspace\8-2-build-windows-amd64-cygwin\jdk8u112\7884\hotspot\src\share\vm\prims\methodHandles.cpp, line 1146]
Event: 1.207 Thread 0x0000000002ae2800 Exception <a 'java/lang/NoSuchFieldError': method resolution failed> (0x00000000d60a5100) thrown at [C:\re\workspace\8-2-build-windows-amd64-cygwin\jdk8u112\7884\hotspot\src\share\vm\prims\methodHandles.cpp, line 1146]
Event: 1.478 Thread 0x0000000002ae2800 Exception <a 'java/io/FileNotFoundException'> (0x00000000d6140180) thrown at [C:\re\workspace\8-2-build-windows-amd64-cygwin\jdk8u112\7884\hotspot\src\share\vm\prims\jni.cpp, line 709]

Events (10 events):
Event: 2.516 Thread 0x0000000002ae2800 DEOPT PACKING pc=0x0000000002de3b9c sp=0x0000000002aad860
Event: 2.516 Thread 0x0000000002ae2800 DEOPT UNPACKING pc=0x0000000002ca582a sp=0x0000000002aad7f0 mode 2
Event: 2.516 Thread 0x0000000002ae2800 Uncommon trap: trap_request=0xffffffde fr.pc=0x0000000002de3b9c
Event: 2.516 Thread 0x0000000002ae2800 DEOPT PACKING pc=0x0000000002de3b9c sp=0x0000000002aad860
Event: 2.516 Thread 0x0000000002ae2800 DEOPT UNPACKING pc=0x0000000002ca582a sp=0x0000000002aad7f0 mode 2
Event: 2.516 Thread 0x0000000002ae2800 Uncommon trap: trap_request=0xffffffde fr.pc=0x0000000002de3b9c
Event: 2.516 Thread 0x0000000002ae2800 DEOPT PACKING pc=0x0000000002de3b9c sp=0x0000000002aad860
Event: 2.516 Thread 0x0000000002ae2800 DEOPT UNPACKING pc=0x0000000002ca582a sp=0x0000000002aad7f0 mode 2
Event: 2.517 loading class sun/font/SunFontManager$11
Event: 2.517 loading class sun/font/SunFontManager$11 done


Dynamic libraries:
0x00007ff60d9d0000 - 0x00007ff60da07000 	C:\Program Files\Java\jdk1.8.0_112\bin\java.exe
0x00007ffb2cde0000 - 0x00007ffb2cfb1000 	C:\WINDOWS\SYSTEM32\ntdll.dll
0x00007ffb2b350000 - 0x00007ffb2b3fb000 	C:\WINDOWS\System32\KERNEL32.DLL
0x00007ffb294a0000 - 0x00007ffb296bd000 	C:\WINDOWS\System32\KERNELBASE.dll
0x00007ffb2a6b0000 - 0x00007ffb2a752000 	C:\WINDOWS\System32\ADVAPI32.dll
0x00007ffb2a370000 - 0x00007ffb2a40e000 	C:\WINDOWS\System32\msvcrt.dll
0x00007ffb2aa90000 - 0x00007ffb2aae9000 	C:\WINDOWS\System32\sechost.dll
0x00007ffb2adc0000 - 0x00007ffb2aee1000 	C:\WINDOWS\System32\RPCRT4.dll
0x00007ffb2aef0000 - 0x00007ffb2b055000 	C:\WINDOWS\System32\USER32.dll
0x00007ffb292d0000 - 0x00007ffb292ee000 	C:\WINDOWS\System32\win32u.dll
0x00007ffb2a410000 - 0x00007ffb2a444000 	C:\WINDOWS\System32\GDI32.dll
0x00007ffb29a00000 - 0x00007ffb29b82000 	C:\WINDOWS\System32\gdi32full.dll
0x00007ffb22f20000 - 0x00007ffb2319a000 	C:\WINDOWS\WinSxS\amd64_microsoft.windows.common-controls_6595b64144ccf1df_6.0.14393.953_none_42151e83c686086b\COMCTL32.dll
0x00007ffb2a7c0000 - 0x00007ffb2aa88000 	C:\WINDOWS\System32\combase.dll
0x00007ffb293a0000 - 0x00007ffb29495000 	C:\WINDOWS\System32\ucrtbase.dll
0x00007ffb296c0000 - 0x00007ffb2972a000 	C:\WINDOWS\System32\bcryptPrimitives.dll
0x00007ffb2b1c0000 - 0x00007ffb2b1ee000 	C:\WINDOWS\System32\IMM32.DLL
0x0000000063420000 - 0x00000000634f2000 	C:\Program Files\Java\jdk1.8.0_112\jre\bin\msvcr100.dll
0x0000000062b80000 - 0x000000006341a000 	C:\Program Files\Java\jdk1.8.0_112\jre\bin\server\jvm.dll
0x00007ffb2b460000 - 0x00007ffb2b468000 	C:\WINDOWS\System32\PSAPI.DLL
0x00007ffb1a6a0000 - 0x00007ffb1a6a9000 	C:\WINDOWS\SYSTEM32\WSOCK32.dll
0x00007ffb2acb0000 - 0x00007ffb2ad1a000 	C:\WINDOWS\System32\WS2_32.dll
0x00007ffb276c0000 - 0x00007ffb276e3000 	C:\WINDOWS\SYSTEM32\WINMM.dll
0x00007ffb238e0000 - 0x00007ffb238ea000 	C:\WINDOWS\SYSTEM32\VERSION.dll
0x0000000000e40000 - 0x0000000000e6b000 	C:\WINDOWS\SYSTEM32\WINMMBASE.dll
0x00007ffb29730000 - 0x00007ffb29772000 	C:\WINDOWS\System32\cfgmgr32.dll
0x0000000065270000 - 0x000000006527f000 	C:\Program Files\Java\jdk1.8.0_112\jre\bin\verify.dll
0x0000000065240000 - 0x0000000065269000 	C:\Program Files\Java\jdk1.8.0_112\jre\bin\java.dll
0x0000000065220000 - 0x0000000065236000 	C:\Program Files\Java\jdk1.8.0_112\jre\bin\zip.dll
0x00007ffb2b490000 - 0x00007ffb2c998000 	C:\WINDOWS\System32\SHELL32.dll
0x00007ffb29c90000 - 0x00007ffb2a36a000 	C:\WINDOWS\System32\windows.storage.dll
0x00007ffb29260000 - 0x00007ffb292ac000 	C:\WINDOWS\System32\powrprof.dll
0x00007ffb2b400000 - 0x00007ffb2b452000 	C:\WINDOWS\System32\shlwapi.dll
0x00007ffb292b0000 - 0x00007ffb292bf000 	C:\WINDOWS\System32\kernel.appcore.dll
0x00007ffb292f0000 - 0x00007ffb29399000 	C:\WINDOWS\System32\shcore.dll
0x00007ffb29240000 - 0x00007ffb29254000 	C:\WINDOWS\System32\profapi.dll
0x00000000629e0000 - 0x0000000062b78000 	C:\Program Files\Java\jdk1.8.0_112\jre\bin\awt.dll
0x00007ffb2a5f0000 - 0x00007ffb2a6af000 	C:\WINDOWS\System32\OLEAUT32.dll
0x00007ffb29bf0000 - 0x00007ffb29c8c000 	C:\WINDOWS\System32\msvcp_win.dll
0x00007ffb27720000 - 0x00007ffb2779a000 	C:\WINDOWS\SYSTEM32\apphelp.dll
0x00007ffb26cd0000 - 0x00007ffb26cf6000 	C:\WINDOWS\system32\DWMAPI.DLL
0x00007ffb27a20000 - 0x00007ffb27ab5000 	C:\WINDOWS\system32\uxtheme.dll
0x00007ffb0ce50000 - 0x00007ffb0cf73000 	C:\WINDOWS\system32\opengl32.dll
0x00007ffb0e0b0000 - 0x00007ffb0e0dd000 	C:\WINDOWS\SYSTEM32\GLU32.dll
0x00007ffb0c930000 - 0x00007ffb0ca27000 	C:\WINDOWS\SYSTEM32\DDRAW.dll
0x00007ffb0e730000 - 0x00007ffb0e738000 	C:\WINDOWS\SYSTEM32\DCIMAN32.dll
0x00007ffb2b060000 - 0x00007ffb2b1ba000 	C:\WINDOWS\System32\MSCTF.dll
0x00007ffb2ab70000 - 0x00007ffb2aca7000 	C:\WINDOWS\System32\ole32.dll
0x0000000062990000 - 0x00000000629d7000 	C:\Program Files\Java\jdk1.8.0_112\jre\bin\fontmanager.dll
0x00007ffb2ad20000 - 0x00007ffb2adbf000 	C:\WINDOWS\System32\clbcatq.dll
0x00007ffb26560000 - 0x00007ffb26708000 	C:\WINDOWS\SYSTEM32\WindowsCodecs.dll
0x00007ffb0e6b0000 - 0x00007ffb0e6f9000 	C:\WINDOWS\system32\dataexchange.dll
0x00007ffb26fe0000 - 0x00007ffb27131000 	C:\WINDOWS\system32\dcomp.dll
0x00007ffb25e50000 - 0x00007ffb26106000 	C:\WINDOWS\system32\d3d11.dll
0x00007ffb281c0000 - 0x00007ffb2825f000 	C:\WINDOWS\system32\dxgi.dll
0x00007ffb27d10000 - 0x00007ffb27e2c000 	C:\WINDOWS\system32\twinapi.appcore.dll
0x00007ffb28e20000 - 0x00007ffb28e4b000 	C:\WINDOWS\system32\bcrypt.dll
0x0000000065200000 - 0x000000006521a000 	C:\Program Files\Java\jdk1.8.0_112\jre\bin\net.dll
0x00007ffb28b70000 - 0x00007ffb28bcc000 	C:\WINDOWS\system32\mswsock.dll
0x00000000651e0000 - 0x00000000651f1000 	C:\Program Files\Java\jdk1.8.0_112\jre\bin\nio.dll
0x0000000062940000 - 0x0000000062982000 	C:\Program Files\Java\jdk1.8.0_112\jre\bin\t2k.dll

VM Arguments:
jvm_args: -Dfile.encoding=UTF-8 
java_command: online.shopping.Controller.OnlineShopping
java_class_path (initial): C:\Program Files\NetBeans 8.0.2\ide\modules\ext\mysql-connector-java-5.1.23-bin.jar;C:\Program Files\NetBeans 8.0.2\java\modules\ext\hibernate4\antlr-2.7.7.jar;C:\Program Files\NetBeans 8.0.2\java\modules\ext\hibernate4\c3p0-0.9.2.1.jar;C:\Program Files\NetBeans 8.0.2\java\modules\ext\hibernate4\hibernate-c3p0-4.3.1.Final.jar;C:\Program Files\NetBeans 8.0.2\java\modules\ext\hibernate4\mchange-commons-java-0.2.3.4.jar;C:\Program Files\NetBeans 8.0.2\java\modules\ext\hibernate4\dom4j-1.6.1.jar;C:\Program Files\NetBeans 8.0.2\java\modules\ext\hibernate4\ehcache-core-2.4.3.jar;C:\Program Files\NetBeans 8.0.2\java\modules\ext\hibernate4\hibernate-ehcache-4.3.1.Final.jar;C:\Program Files\NetBeans 8.0.2\java\modules\ext\hibernate4\hibernate-core-4.3.1.Final.jar;C:\Program Files\NetBeans 8.0.2\java\modules\ext\hibernate4\jboss-logging-3.1.3.GA.jar;C:\Program Files\NetBeans 8.0.2\java\modules\ext\hibernate4\hibernate-commons-annotations-4.0.4.Final.jar;C:\Program Files\NetBeans 8.0.2\java\modules\ext\hibernate4\hibernate-entitymanager-4.3.1.Final.jar;C:\Program Files\NetBeans 8.0.2\java\modules\ext\hibernate4\javassist-3.18.1-GA.jar;C:\Program Files\NetBeans 8.0.2\java\modules\ext\hibernate4\jboss-transaction-api_1.2_spec-1.0.0.Final.jar;C:\Program Files\NetBeans 8.0.2\java\modules\ext\hibernate4\slf4j-api-1.6.1.jar;C:\Program Files\NetBeans 8.0.2\java\modules\ext\hibernate4\slf4j-simple-1.6.1.jar;C:\Program Files\NetBeans 8.0.2\java\modules\ext\hibernate4\hibernate-jpa-2.1-api-1.0.0.Final.jar;D:\second term\SecondTerm\projects\SWE2\Online Shopping\build\classes
Launcher Type: SUN_STANDARD

Environment Variables:
PATH=C:\oraclexe\app\oracle\product\11.2.0\server\bin;C:\ProgramData\Oracle\Java\javapath;C:\WINDOWS\system32;C:\WINDOWS;C:\WINDOWS\System32\Wbem;C:\WINDOWS\System32\WindowsPowerShell\v1.0\;C:\Program Files (x86)\AMD\ATI.ACE\Core-Static;C:\Program Files (x86)\NVIDIA Corporation\PhysX\Common;C:\Program Files (x86)\Windows Kits\10\Windows Performance Toolkit\;C:\Program Files\Git\cmd;C:\WINDOWS\system32;C:\WINDOWS;C:\WINDOWS\System32\Wbem;C:\Program Files\Java\jre1.8.0_101\bin;C:\Python27\;C:\Python27\Scripts;C:\Program Files\Intel\WiFi\bin\;C:\Program Files\Common Files\Intel\WirelessCommon\;C:\Program Files (x86)\Microsoft SDKs\TypeScript\1.0\;C:\Program Files (x86)\Calibre2\;C:\Program Files\nodejs\;C:\Program Files (x86)\Brackets\command;C:\Program Files (x86)\Microsoft SQL Server\100\Tools\Binn\;C:\Program Files\Microsoft SQL Server\100\Tools\Binn\;C:\Program Files\Microsoft SQL Server\100\DTS\Binn\;C:\Users\Mohamed-A.Radwan\AppData\Local\Google\Cloud SDK;G:\MATLAB\runtime\win64;G:\MATLAB\bin;G:\MATLAB\polyspace\bin;C:\Android\sdk\platform-tools;C:\Program Files\Java\jdk1.8.0_112\bin;C:\Users\Mohamed-A.Radwan\AppData\Local\Microsoft\WindowsApps;C:\Program Files\Intel\WiFi\bin\;C:\Program Files\Common Files\Intel\WirelessCommon\;C:\Users\Mohamed-A.Radwan\AppData\Roaming\npm;C:\Users\Mohamed-A.Radwan\AppData\Local\Google\Cloud SDK\google-cloud-sdk\bin;C:\Program Files (x86)\Google\google_appengine\
USERNAME=Mohamed-A.Radwan
OS=Windows_NT
PROCESSOR_IDENTIFIER=Intel64 Family 6 Model 69 Stepping 1, GenuineIntel



---------------  S Y S T E M  ---------------

OS: Windows 10.0 , 64 bit Build 14393 (10.0.14393.0)

CPU:total 4 (2 cores per cpu, 2 threads per core) family 6 model 69 stepping 1, cmov, cx8, fxsr, mmx, sse, sse2, sse3, ssse3, sse4.1, sse4.2, popcnt, avx, avx2, aes, clmul, erms, lzcnt, ht, tsc, tscinvbit, bmi1, bmi2

Memory: 4k page, physical 8274284k(1772056k free), swap 11941228k(3976k free)

vm_info: Java HotSpot(TM) 64-Bit Server VM (25.112-b15) for windows-amd64 JRE (1.8.0_112-b15), built on Sep 22 2016 21:31:56 by "java_re" with MS VC++ 10.0 (VS2010)

time: Fri May 12 15:59:27 2017
elapsed time: 2 seconds (0d 0h 0m 2s)

