#
# There is insufficient memory for the Java Runtime Environment to continue.
# Native memory allocation (malloc) failed to allocate 278656 bytes for Chunk::new
# Possible reasons:
#   The system is out of physical RAM or swap space
#   In 32 bit mode, the process size limit was hit
# Possible solutions:
#   Reduce memory load on the system
#   Increase physical memory or swap space
#   Check if swap backing store is full
#   Use 64 bit Java on a 64 bit OS
#   Decrease Java heap size (-Xmx/-Xms)
#   Decrease number of Java threads
#   Decrease Java thread stack sizes (-Xss)
#   Set larger code cache with -XX:ReservedCodeCacheSize=
# This output file may be truncated or incomplete.
#
#  Out of Memory Error (allocation.cpp:390), pid=144404, tid=0x0000000000023490
#
# JRE version: Java(TM) SE Runtime Environment (8.0_112-b15) (build 1.8.0_112-b15)
# Java VM: Java HotSpot(TM) 64-Bit Server VM (25.112-b15 mixed mode windows-amd64 compressed oops)
# Failed to write core dump. Minidumps are not enabled by default on client versions of Windows
#

---------------  T H R E A D  ---------------

Current thread (0x0000000016f41000):  JavaThread "C2 CompilerThread0" daemon [_thread_in_native, id=144528, stack(0x00000000185a0000,0x00000000186a0000)]

Stack: [0x00000000185a0000,0x00000000186a0000]
[error occurred during error reporting (printing stack bounds), id 0xc0000005]

Native frames: (J=compiled Java code, j=interpreted, Vv=VM code, C=native code)


Current CompileTask:
C2:   3195  631   !   4       sun.misc.URLClassPath$JarLoader::getResource (85 bytes)


---------------  P R O C E S S  ---------------

Java Threads: ( => current thread )
  0x00000000023fe000 JavaThread "DestroyJavaVM" [_thread_blocked, id=144488, stack(0x00000000009b0000,0x0000000000ab0000)]
  0x00000000190b4000 JavaThread "Abandoned connection cleanup thread" daemon [_thread_blocked, id=144652, stack(0x00000000196a0000,0x00000000197a0000)]
  0x00000000188db000 JavaThread "Service Thread" daemon [_thread_blocked, id=144540, stack(0x0000000018ca0000,0x0000000018da0000)]
  0x0000000016f6c800 JavaThread "C1 CompilerThread2" daemon [_thread_blocked, id=144536, stack(0x00000000187a0000,0x00000000188a0000)]
  0x0000000016f43800 JavaThread "C2 CompilerThread1" daemon [_thread_in_native, id=144532, stack(0x00000000186a0000,0x00000000187a0000)]
=>0x0000000016f41000 JavaThread "C2 CompilerThread0" daemon [_thread_in_native, id=144528, stack(0x00000000185a0000,0x00000000186a0000)]
  0x0000000016f3d000 JavaThread "Attach Listener" daemon [_thread_blocked, id=144524, stack(0x00000000184a0000,0x00000000185a0000)]
  0x0000000016f3c000 JavaThread "Signal Dispatcher" daemon [_thread_blocked, id=144520, stack(0x00000000183a0000,0x00000000184a0000)]
  0x00000000022fd800 JavaThread "Finalizer" daemon [_thread_blocked, id=144516, stack(0x00000000181b0000,0x00000000182b0000)]
  0x00000000022f2000 JavaThread "Reference Handler" daemon [_thread_blocked, id=144512, stack(0x00000000180b0000,0x00000000181b0000)]

Other Threads:
  0x0000000016f06800 VMThread [stack: 0x0000000017fb0000,0x00000000180b0000] [id=144508]
  0x00000000188f6800 WatcherThread [stack: 0x0000000018da0000,0x0000000018ea0000] [id=144544]

VM state:not at safepoint (normal execution)

VM Mutex/Monitor currently owned by a thread: None

Heap:
 PSYoungGen      total 38400K, used 9201K [0x00000000d5e00000, 0x00000000d8880000, 0x0000000100000000)
  eden space 33280K, 13% used [0x00000000d5e00000,0x00000000d623a970,0x00000000d7e80000)
  from space 5120K, 95% used [0x00000000d7e80000,0x00000000d8341d10,0x00000000d8380000)
  to   space 5120K, 0% used [0x00000000d8380000,0x00000000d8380000,0x00000000d8880000)
 ParOldGen       total 87552K, used 72K [0x0000000081a00000, 0x0000000086f80000, 0x00000000d5e00000)
  object space 87552K, 0% used [0x0000000081a00000,0x0000000081a12010,0x0000000086f80000)
 Metaspace       used 11105K, capacity 11222K, committed 11392K, reserved 1058816K
  class space    used 1362K, capacity 1393K, committed 1408K, reserved 1048576K

Card table byte_map: [0x00000000117c0000,0x0000000011bc0000] byte_map_base: 0x00000000113b3000

Marking Bits: (ParMarkBitMap*) 0x0000000062b5a6d0
 Begin Bits: [0x0000000012270000, 0x0000000014208000)
 End Bits:   [0x0000000014208000, 0x00000000161a0000)

Polling page: 0x0000000000ab0000

CodeCache: size=245760Kb used=2681Kb max_used=2681Kb free=243078Kb
 bounds [0x0000000002400000, 0x00000000026a0000, 0x0000000011400000]
 total_blobs=989 nmethods=636 adapters=265
 compilation: disabled (not enough contiguous free space left)

Compilation events (10 events):
Event: 2.883 Thread 0x0000000016f43800 nmethod 624 0x000000000269bcd0 code [0x000000000269be20, 0x000000000269c0d8]
Event: 2.884 Thread 0x0000000016f6c800  627       3       sun.reflect.MagicAccessorImpl::<init> (5 bytes)
Event: 2.885 Thread 0x0000000016f6c800 nmethod 627 0x000000000269b650 code [0x000000000269b7a0, 0x000000000269b950]
Event: 2.885 Thread 0x0000000016f6c800  628       3       java.nio.Buffer::<init> (121 bytes)
Event: 2.888 Thread 0x0000000016f6c800 nmethod 628 0x0000000002699590 code [0x0000000002699860, 0x000000000269ace8]
Event: 3.109 Thread 0x0000000016f6c800  629 %     3       com.mysql.jdbc.SingleByteCharsetConverter::<clinit> @ 58 (80 bytes)
Event: 3.110 Thread 0x0000000016f6c800 nmethod 629% 0x000000000269c290 code [0x000000000269c480, 0x000000000269ce10]
Event: 3.111 Thread 0x0000000016f6c800  630       3       com.mysql.jdbc.SingleByteCharsetConverter::<clinit> (80 bytes)
Event: 3.112 Thread 0x0000000016f6c800 nmethod 630 0x000000000269d190 code [0x000000000269d360, 0x000000000269dcd0]
Event: 3.113 Thread 0x0000000016f41000  631   !   4       sun.misc.URLClassPath$JarLoader::getResource (85 bytes)

GC Heap History (2 events):
Event: 2.658 GC heap before
{Heap before GC invocations=1 (full 0):
 PSYoungGen      total 38400K, used 33280K [0x00000000d5e00000, 0x00000000d8880000, 0x0000000100000000)
  eden space 33280K, 100% used [0x00000000d5e00000,0x00000000d7e80000,0x00000000d7e80000)
  from space 5120K, 0% used [0x00000000d8380000,0x00000000d8380000,0x00000000d8880000)
  to   space 5120K, 0% used [0x00000000d7e80000,0x00000000d7e80000,0x00000000d8380000)
 ParOldGen       total 87552K, used 0K [0x0000000081a00000, 0x0000000086f80000, 0x00000000d5e00000)
  object space 87552K, 0% used [0x0000000081a00000,0x0000000081a00000,0x0000000086f80000)
 Metaspace       used 9526K, capacity 9654K, committed 9728K, reserved 1058816K
  class space    used 1189K, capacity 1233K, committed 1280K, reserved 1048576K
Event: 2.667 GC heap after
Heap after GC invocations=1 (full 0):
 PSYoungGen      total 38400K, used 4871K [0x00000000d5e00000, 0x00000000d8880000, 0x0000000100000000)
  eden space 33280K, 0% used [0x00000000d5e00000,0x00000000d5e00000,0x00000000d7e80000)
  from space 5120K, 95% used [0x00000000d7e80000,0x00000000d8341d10,0x00000000d8380000)
  to   space 5120K, 0% used [0x00000000d8380000,0x00000000d8380000,0x00000000d8880000)
 ParOldGen       total 87552K, used 72K [0x0000000081a00000, 0x0000000086f80000, 0x00000000d5e00000)
  object space 87552K, 0% used [0x0000000081a00000,0x0000000081a12010,0x0000000086f80000)
 Metaspace       used 9526K, capacity 9654K, committed 9728K, reserved 1058816K
  class space    used 1189K, capacity 1233K, committed 1280K, reserved 1048576K
}

Deoptimization events (5 events):
Event: 1.584 Thread 0x00000000023fe000 Uncommon trap: reason=unstable_if action=reinterpret pc=0x00000000025a55dc method=java.lang.String.indexOf([CII[CIII)I @ 134
Event: 1.615 Thread 0x00000000023fe000 Uncommon trap: reason=unstable_if action=reinterpret pc=0x000000000258a3d0 method=sun.misc.URLClassPath.getLoader(I)Lsun/misc/URLClassPath$Loader; @ 36
Event: 1.615 Thread 0x00000000023fe000 Uncommon trap: reason=unstable_if action=reinterpret pc=0x0000000002580918 method=sun.misc.URLClassPath.getLoader(I)Lsun/misc/URLClassPath$Loader; @ 36
Event: 1.616 Thread 0x00000000023fe000 Uncommon trap: reason=unstable_if action=reinterpret pc=0x000000000259a328 method=sun.misc.MetaIndex.mayContain(Ljava/lang/String;)Z @ 13
Event: 2.542 Thread 0x00000000023fe000 Uncommon trap: reason=unstable_if action=reinterpret pc=0x0000000002614b38 method=java.lang.AbstractStringBuilder.append(Ljava/lang/String;)Ljava/lang/AbstractStringBuilder; @ 1

Internal exceptions (7 events):
Event: 0.127 Thread 0x00000000023fe000 Exception <a 'java/lang/NoSuchMethodError': Method sun.misc.Unsafe.defineClass(Ljava/lang/String;[BII)Ljava/lang/Class; name or signature does not match> (0x00000000d5e07c78) thrown at [C:\re\workspace\8-2-build-windows-amd64-cygwin\jdk8u112\7884\hotspot\
Event: 0.127 Thread 0x00000000023fe000 Exception <a 'java/lang/NoSuchMethodError': Method sun.misc.Unsafe.prefetchRead(Ljava/lang/Object;J)V name or signature does not match> (0x00000000d5e07f60) thrown at [C:\re\workspace\8-2-build-windows-amd64-cygwin\jdk8u112\7884\hotspot\src\share\vm\prims
Event: 1.619 Thread 0x00000000023fe000 Exception <a 'java/security/PrivilegedActionException'> (0x00000000d73e4f30) thrown at [C:\re\workspace\8-2-build-windows-amd64-cygwin\jdk8u112\7884\hotspot\src\share\vm\prims\jvm.cpp, line 1390]
Event: 1.619 Thread 0x00000000023fe000 Exception <a 'java/security/PrivilegedActionException'> (0x00000000d73e5328) thrown at [C:\re\workspace\8-2-build-windows-amd64-cygwin\jdk8u112\7884\hotspot\src\share\vm\prims\jvm.cpp, line 1390]
Event: 1.621 Thread 0x00000000023fe000 Exception <a 'java/security/PrivilegedActionException'> (0x00000000d73e95e0) thrown at [C:\re\workspace\8-2-build-windows-amd64-cygwin\jdk8u112\7884\hotspot\src\share\vm\prims\jvm.cpp, line 1390]
Event: 1.621 Thread 0x00000000023fe000 Exception <a 'java/security/PrivilegedActionException'> (0x00000000d73e99d8) thrown at [C:\re\workspace\8-2-build-windows-amd64-cygwin\jdk8u112\7884\hotspot\src\share\vm\prims\jvm.cpp, line 1390]
Event: 2.542 Thread 0x00000000023fe000 Implicit null exception at 0x0000000002614717 to 0x0000000002614b21

Events (10 events):
Event: 2.886 loading class sun/nio/cs/Surrogate
Event: 2.887 loading class sun/nio/cs/Surrogate done
Event: 2.887 loading class com/mysql/jdbc/SingleByteCharsetConverter
Event: 2.887 loading class com/mysql/jdbc/SingleByteCharsetConverter done
Event: 3.113 loading class java/util/TimerTask
Event: 3.113 loading class java/util/TimerTask done
Event: 3.113 loading class com/mysql/jdbc/StatementImpl$CancelTask
Event: 3.113 loading class com/mysql/jdbc/StatementImpl$CancelTask done
Event: 3.114 loading class java/sql/BatchUpdateException
Event: 3.114 loading class java/sql/BatchUpdateException done


Dynamic libraries:
0x00007ff6f97f0000 - 0x00007ff6f9827000 	C:\Program Files\Java\jdk1.8.0_112\bin\java.exe
0x00007ffb2cde0000 - 0x00007ffb2cfb1000 	C:\WINDOWS\SYSTEM32\ntdll.dll
0x00007ffb2b350000 - 0x00007ffb2b3fb000 	C:\WINDOWS\System32\KERNEL32.DLL
0x00007ffb294a0000 - 0x00007ffb296bd000 	C:\WINDOWS\System32\KERNELBASE.dll
0x00007ffb2a6b0000 - 0x00007ffb2a752000 	C:\WINDOWS\System32\ADVAPI32.dll
0x00007ffb2a370000 - 0x00007ffb2a40e000 	C:\WINDOWS\System32\msvcrt.dll
0x00007ffb2aa90000 - 0x00007ffb2aae9000 	C:\WINDOWS\System32\sechost.dll
0x00007ffb2adc0000 - 0x00007ffb2aee1000 	C:\WINDOWS\System32\RPCRT4.dll
0x00007ffb2aef0000 - 0x00007ffb2b055000 	C:\WINDOWS\System32\USER32.dll
0x00007ffb292d0000 - 0x00007ffb292ee000 	C:\WINDOWS\System32\win32u.dll
0x00007ffb2a410000 - 0x00007ffb2a444000 	C:\WINDOWS\System32\GDI32.dll
0x00007ffb29a00000 - 0x00007ffb29b82000 	C:\WINDOWS\System32\gdi32full.dll
0x00007ffb22f20000 - 0x00007ffb2319a000 	C:\WINDOWS\WinSxS\amd64_microsoft.windows.common-controls_6595b64144ccf1df_6.0.14393.953_none_42151e83c686086b\COMCTL32.dll
0x00007ffb2a7c0000 - 0x00007ffb2aa88000 	C:\WINDOWS\System32\combase.dll
0x00007ffb293a0000 - 0x00007ffb29495000 	C:\WINDOWS\System32\ucrtbase.dll
0x00007ffb296c0000 - 0x00007ffb2972a000 	C:\WINDOWS\System32\bcryptPrimitives.dll
0x00007ffb2b1c0000 - 0x00007ffb2b1ee000 	C:\WINDOWS\System32\IMM32.DLL
0x0000000062be0000 - 0x0000000062cb2000 	C:\Program Files\Java\jdk1.8.0_112\jre\bin\msvcr100.dll
0x0000000062340000 - 0x0000000062bda000 	C:\Program Files\Java\jdk1.8.0_112\jre\bin\server\jvm.dll
0x00007ffb2b460000 - 0x00007ffb2b468000 	C:\WINDOWS\System32\PSAPI.DLL
0x00007ffb1a6a0000 - 0x00007ffb1a6a9000 	C:\WINDOWS\SYSTEM32\WSOCK32.dll
0x00007ffb276c0000 - 0x00007ffb276e3000 	C:\WINDOWS\SYSTEM32\WINMM.dll
0x00007ffb2acb0000 - 0x00007ffb2ad1a000 	C:\WINDOWS\System32\WS2_32.dll
0x0000000000960000 - 0x000000000098b000 	C:\WINDOWS\SYSTEM32\WINMMBASE.dll
0x00007ffb238e0000 - 0x00007ffb238ea000 	C:\WINDOWS\SYSTEM32\VERSION.dll
0x00007ffb29730000 - 0x00007ffb29772000 	C:\WINDOWS\System32\cfgmgr32.dll
0x0000000062330000 - 0x000000006233f000 	C:\Program Files\Java\jdk1.8.0_112\jre\bin\verify.dll
0x0000000062300000 - 0x0000000062329000 	C:\Program Files\Java\jdk1.8.0_112\jre\bin\java.dll
0x00000000622e0000 - 0x00000000622f6000 	C:\Program Files\Java\jdk1.8.0_112\jre\bin\zip.dll
0x00007ffb2b490000 - 0x00007ffb2c998000 	C:\WINDOWS\System32\SHELL32.dll
0x00007ffb29c90000 - 0x00007ffb2a36a000 	C:\WINDOWS\System32\windows.storage.dll
0x00007ffb29260000 - 0x00007ffb292ac000 	C:\WINDOWS\System32\powrprof.dll
0x00007ffb2b400000 - 0x00007ffb2b452000 	C:\WINDOWS\System32\shlwapi.dll
0x00007ffb292b0000 - 0x00007ffb292bf000 	C:\WINDOWS\System32\kernel.appcore.dll
0x00007ffb292f0000 - 0x00007ffb29399000 	C:\WINDOWS\System32\shcore.dll
0x00007ffb29240000 - 0x00007ffb29254000 	C:\WINDOWS\System32\profapi.dll
0x00000000622c0000 - 0x00000000622da000 	C:\Program Files\Java\jdk1.8.0_112\jre\bin\net.dll
0x00007ffb28b70000 - 0x00007ffb28bcc000 	C:\WINDOWS\system32\mswsock.dll
0x00007ffb28940000 - 0x00007ffb289e1000 	C:\WINDOWS\SYSTEM32\DNSAPI.dll
0x00007ffb2cdd0000 - 0x00007ffb2cdd8000 	C:\WINDOWS\System32\NSI.dll
0x00007ffb288f0000 - 0x00007ffb28928000 	C:\WINDOWS\SYSTEM32\IPHLPAPI.DLL
0x00007ffb1fe60000 - 0x00007ffb1fe6a000 	C:\Windows\System32\rasadhlp.dll
0x00007ffb25200000 - 0x00007ffb2526a000 	C:\WINDOWS\System32\fwpuclnt.dll
0x00007ffb28e20000 - 0x00007ffb28e4b000 	C:\WINDOWS\SYSTEM32\bcrypt.dll

VM Arguments:
jvm_args: -Dfile.encoding=UTF-8 
java_command: online.shopping.Controller.Guest
java_class_path (initial): C:\Program Files\NetBeans 8.0.2\ide\modules\ext\mysql-connector-java-5.1.23-bin.jar;C:\Program Files\NetBeans 8.0.2\java\modules\ext\hibernate4\antlr-2.7.7.jar;C:\Program Files\NetBeans 8.0.2\java\modules\ext\hibernate4\c3p0-0.9.2.1.jar;C:\Program Files\NetBeans 8.0.2\java\modules\ext\hibernate4\hibernate-c3p0-4.3.1.Final.jar;C:\Program Files\NetBeans 8.0.2\java\modules\ext\hibernate4\mchange-commons-java-0.2.3.4.jar;C:\Program Files\NetBeans 8.0.2\java\modules\ext\hibernate4\dom4j-1.6.1.jar;C:\Program Files\NetBeans 8.0.2\java\modules\ext\hibernate4\ehcache-core-2.4.3.jar;C:\Program Files\NetBeans 8.0.2\java\modules\ext\hibernate4\hibernate-ehcache-4.3.1.Final.jar;C:\Program Files\NetBeans 8.0.2\java\modules\ext\hibernate4\hibernate-core-4.3.1.Final.jar;C:\Program Files\NetBeans 8.0.2\java\modules\ext\hibernate4\jboss-logging-3.1.3.GA.jar;C:\Program Files\NetBeans 8.0.2\java\modules\ext\hibernate4\hibernate-commons-annotations-4.0.4.Final.jar;C:\Program Files\NetBeans 8.0.2\java\modules\ext\hibernate4\hibernate-entitymanager-4.3.1.Final.jar;C:\Program Files\NetBeans 8.0.2\java\modules\ext\hibernate4\javassist-3.18.1-GA.jar;C:\Program Files\NetBeans 8.0.2\java\modules\ext\hibernate4\jboss-transaction-api_1.2_spec-1.0.0.Final.jar;C:\Program Files\NetBeans 8.0.2\java\modules\ext\hibernate4\slf4j-api-1.6.1.jar;C:\Program Files\NetBeans 8.0.2\java\modules\ext\hibernate4\slf4j-simple-1.6.1.jar;C:\Program Files\NetBeans 8.0.2\java\modules\ext\hibernate4\hibernate-jpa-2.1-api-1.0.0.Final.jar;D:\second term\SecondTerm\projects\SWE2\Online Shopping\build\classes
Launcher Type: SUN_STANDARD

Environment Variables:
PATH=C:\oraclexe\app\oracle\product\11.2.0\server\bin;C:\ProgramData\Oracle\Java\javapath;C:\WINDOWS\system32;C:\WINDOWS;C:\WINDOWS\System32\Wbem;C:\WINDOWS\System32\WindowsPowerShell\v1.0\;C:\Program Files (x86)\AMD\ATI.ACE\Core-Static;C:\Program Files (x86)\NVIDIA Corporation\PhysX\Common;C:\Program Files (x86)\Windows Kits\10\Windows Performance Toolkit\;C:\Program Files\Git\cmd;C:\WINDOWS\system32;C:\WINDOWS;C:\WINDOWS\System32\Wbem;C:\Program Files\Java\jre1.8.0_101\bin;C:\Python27\;C:\Python27\Scripts;C:\Program Files\Intel\WiFi\bin\;C:\Program Files\Common Files\Intel\WirelessCommon\;C:\Program Files (x86)\Microsoft SDKs\TypeScript\1.0\;C:\Program Files (x86)\Calibre2\;C:\Program Files\nodejs\;C:\Program Files (x86)\Brackets\command;C:\Program Files (x86)\Microsoft SQL Server\100\Tools\Binn\;C:\Program Files\Microsoft SQL Server\100\Tools\Binn\;C:\Program Files\Microsoft SQL Server\100\DTS\Binn\;C:\Users\Mohamed-A.Radwan\AppData\Local\Google\Cloud SDK;G:\MATLAB\runtime\win64;G:\MATLAB\bin;G:\MATLAB\polyspace\bin;C:\Android\sdk\platform-tools;C:\Program Files\Java\jdk1.8.0_112\bin;C:\Users\Mohamed-A.Radwan\AppData\Local\Microsoft\WindowsApps;C:\Program Files\Intel\WiFi\bin\;C:\Program Files\Common Files\Intel\WirelessCommon\;C:\Users\Mohamed-A.Radwan\AppData\Roaming\npm;C:\Users\Mohamed-A.Radwan\AppData\Local\Google\Cloud SDK\google-cloud-sdk\bin;C:\Program Files (x86)\Google\google_appengine\
USERNAME=Mohamed-A.Radwan
OS=Windows_NT
PROCESSOR_IDENTIFIER=Intel64 Family 6 Model 69 Stepping 1, GenuineIntel



---------------  S Y S T E M  ---------------

OS: Windows 10.0 , 64 bit Build 14393 (10.0.14393.0)

CPU:total 4 (2 cores per cpu, 2 threads per core) family 6 model 69 stepping 1, cmov, cx8, fxsr, mmx, sse, sse2, sse3, ssse3, sse4.1, sse4.2, popcnt, avx, avx2, aes, clmul, erms, lzcnt, ht, tsc, tscinvbit, bmi1, bmi2

Memory: 4k page, physical 8274284k(2206140k free), swap 11941228k(12k free)

vm_info: Java HotSpot(TM) 64-Bit Server VM (25.112-b15) for windows-amd64 JRE (1.8.0_112-b15), built on Sep 22 2016 21:31:56 by "java_re" with MS VC++ 10.0 (VS2010)

time: Thu May 11 19:02:13 2017
elapsed time: 3 seconds (0d 0h 0m 3s)

